# Logfile created on 2015-04-03 19:51:42 +0200 by logger.rb/44203
I, [2015-04-03T19:51:42.298537 #21771]  INFO -- : 0:  rake (10.4.2) from /Users/yannick/.rvm/rubies/ruby-2.1.0/lib/ruby/gems/2.1.0/specifications/rake-10.4.2.gemspec
I, [2015-04-03T19:51:42.299232 #21771]  INFO -- : 0:  i18n (0.7.0) from /Users/yannick/.rvm/rubies/ruby-2.1.0/lib/ruby/gems/2.1.0/specifications/i18n-0.7.0.gemspec
I, [2015-04-03T19:51:42.299710 #21771]  INFO -- : 0:  json (1.8.2) from /Users/yannick/.rvm/rubies/ruby-2.1.0/lib/ruby/gems/2.1.0/specifications/json-1.8.2.gemspec
I, [2015-04-03T19:51:42.300712 #21771]  INFO -- : 0:  minitest (5.5.1) from /Users/yannick/.rvm/rubies/ruby-2.1.0/lib/ruby/gems/2.1.0/specifications/minitest-5.5.1.gemspec
I, [2015-04-03T19:51:42.301151 #21771]  INFO -- : 0:  thread_safe (0.3.5) from /Users/yannick/.rvm/rubies/ruby-2.1.0/lib/ruby/gems/2.1.0/specifications/thread_safe-0.3.5.gemspec
I, [2015-04-03T19:51:42.301595 #21771]  INFO -- : 0:  tzinfo (1.2.2) from /Users/yannick/.rvm/rubies/ruby-2.1.0/lib/ruby/gems/2.1.0/specifications/tzinfo-1.2.2.gemspec
I, [2015-04-03T19:51:44.322549 #21771]  INFO -- : 0:  activesupport (4.2.1) from /Users/yannick/.rvm/rubies/ruby-2.1.0/lib/ruby/gems/2.1.0/specifications/activesupport-4.2.1.gemspec
I, [2015-04-03T19:51:44.322944 #21771]  INFO -- : 0:  builder (3.2.2) from /Users/yannick/.rvm/rubies/ruby-2.1.0/lib/ruby/gems/2.1.0/specifications/builder-3.2.2.gemspec
I, [2015-04-03T19:51:44.323206 #21771]  INFO -- : 0:  erubis (2.7.0) from /Users/yannick/.rvm/rubies/ruby-2.1.0/lib/ruby/gems/2.1.0/specifications/erubis-2.7.0.gemspec
I, [2015-04-03T19:51:44.323460 #21771]  INFO -- : 0:  mini_portile (0.6.2) from /Users/yannick/.rvm/rubies/ruby-2.1.0/lib/ruby/gems/2.1.0/specifications/mini_portile-0.6.2.gemspec
I, [2015-04-03T19:51:44.323770 #21771]  INFO -- : 0:  nokogiri (1.6.6.2) from /Users/yannick/.rvm/rubies/ruby-2.1.0/lib/ruby/gems/2.1.0/specifications/nokogiri-1.6.6.2.gemspec
I, [2015-04-03T19:51:44.324033 #21771]  INFO -- : 0:  rails-deprecated_sanitizer (1.0.3) from /Users/yannick/.rvm/rubies/ruby-2.1.0/lib/ruby/gems/2.1.0/specifications/rails-deprecated_sanitizer-1.0.3.gemspec
I, [2015-04-03T19:51:44.324283 #21771]  INFO -- : 0:  rails-dom-testing (1.0.6) from /Users/yannick/.rvm/rubies/ruby-2.1.0/lib/ruby/gems/2.1.0/specifications/rails-dom-testing-1.0.6.gemspec
I, [2015-04-03T19:51:44.324530 #21771]  INFO -- : 0:  loofah (2.0.1) from /Users/yannick/.rvm/rubies/ruby-2.1.0/lib/ruby/gems/2.1.0/specifications/loofah-2.0.1.gemspec
I, [2015-04-03T19:51:44.324776 #21771]  INFO -- : 0:  rails-html-sanitizer (1.0.2) from /Users/yannick/.rvm/rubies/ruby-2.1.0/lib/ruby/gems/2.1.0/specifications/rails-html-sanitizer-1.0.2.gemspec
I, [2015-04-03T19:51:46.520124 #21771]  INFO -- : 0:  actionview (4.2.1) from /Users/yannick/.rvm/rubies/ruby-2.1.0/lib/ruby/gems/2.1.0/specifications/actionview-4.2.1.gemspec
I, [2015-04-03T19:51:46.520490 #21771]  INFO -- : 0:  rack (1.6.0) from /Users/yannick/.rvm/rubies/ruby-2.1.0/lib/ruby/gems/2.1.0/specifications/rack-1.6.0.gemspec
I, [2015-04-03T19:51:46.520711 #21771]  INFO -- : 0:  rack-test (0.6.3) from /Users/yannick/.rvm/rubies/ruby-2.1.0/lib/ruby/gems/2.1.0/specifications/rack-test-0.6.3.gemspec
I, [2015-04-03T19:51:48.206881 #21771]  INFO -- : 0:  actionpack (4.2.1) from /Users/yannick/.rvm/rubies/ruby-2.1.0/lib/ruby/gems/2.1.0/specifications/actionpack-4.2.1.gemspec
I, [2015-04-03T19:51:48.207243 #21771]  INFO -- : 0:  globalid (0.3.3) from /Users/yannick/.rvm/rubies/ruby-2.1.0/lib/ruby/gems/2.1.0/specifications/globalid-0.3.3.gemspec
I, [2015-04-03T19:51:49.476329 #21771]  INFO -- : 0:  activejob (4.2.1) from /Users/yannick/.rvm/rubies/ruby-2.1.0/lib/ruby/gems/2.1.0/specifications/activejob-4.2.1.gemspec
I, [2015-04-03T19:51:49.476762 #21771]  INFO -- : 0:  mime-types (2.4.3) from /Users/yannick/.rvm/rubies/ruby-2.1.0/lib/ruby/gems/2.1.0/specifications/mime-types-2.4.3.gemspec
I, [2015-04-03T19:51:49.477041 #21771]  INFO -- : 0:  mail (2.6.3) from /Users/yannick/.rvm/rubies/ruby-2.1.0/lib/ruby/gems/2.1.0/specifications/mail-2.6.3.gemspec
I, [2015-04-03T19:51:50.725133 #21771]  INFO -- : 0:  actionmailer (4.2.1) from /Users/yannick/.rvm/rubies/ruby-2.1.0/lib/ruby/gems/2.1.0/specifications/actionmailer-4.2.1.gemspec
I, [2015-04-03T19:51:52.461523 #21771]  INFO -- : 0:  activemerchant (1.47.0) from /Users/yannick/.rvm/rubies/ruby-2.1.0/lib/ruby/gems/2.1.0/specifications/activemerchant-1.47.0.gemspec
I, [2015-04-03T19:51:54.049108 #21771]  INFO -- : 0:  activemodel (4.2.1) from /Users/yannick/.rvm/rubies/ruby-2.1.0/lib/ruby/gems/2.1.0/specifications/activemodel-4.2.1.gemspec
I, [2015-04-03T19:51:54.049516 #21771]  INFO -- : 0:  arel (6.0.0) from /Users/yannick/.rvm/rubies/ruby-2.1.0/lib/ruby/gems/2.1.0/specifications/arel-6.0.0.gemspec
I, [2015-04-03T19:51:55.920952 #21771]  INFO -- : 0:  activerecord (4.2.1) from /Users/yannick/.rvm/rubies/ruby-2.1.0/lib/ruby/gems/2.1.0/specifications/activerecord-4.2.1.gemspec
I, [2015-04-03T19:51:55.921286 #21771]  INFO -- : 0:  acts_as_list (0.6.0) from /Users/yannick/.rvm/rubies/ruby-2.1.0/lib/ruby/gems/2.1.0/specifications/acts_as_list-0.6.0.gemspec
I, [2015-04-03T19:51:55.921544 #21771]  INFO -- : 0:  addressable (2.3.8) from /Users/yannick/.rvm/rubies/ruby-2.1.0/lib/ruby/gems/2.1.0/specifications/addressable-2.3.8.gemspec
I, [2015-04-03T19:51:55.921783 #21771]  INFO -- : 0:  execjs (2.4.0) from /Users/yannick/.rvm/rubies/ruby-2.1.0/lib/ruby/gems/2.1.0/specifications/execjs-2.4.0.gemspec
I, [2015-04-03T19:51:55.922014 #21771]  INFO -- : 0:  autoprefixer-rails (5.1.8) from /Users/yannick/.rvm/rubies/ruby-2.1.0/lib/ruby/gems/2.1.0/specifications/autoprefixer-rails-5.1.8.gemspec
I, [2015-04-03T19:51:55.922238 #21771]  INFO -- : 0:  awesome_nested_set (3.0.2) from /Users/yannick/.rvm/rubies/ruby-2.1.0/lib/ruby/gems/2.1.0/specifications/awesome_nested_set-3.0.2.gemspec
I, [2015-04-03T19:51:55.922509 #21771]  INFO -- : 0:  bcrypt (3.1.10) from /Users/yannick/.rvm/rubies/ruby-2.1.0/lib/ruby/gems/2.1.0/specifications/bcrypt-3.1.10.gemspec
I, [2015-04-03T19:51:55.922852 #21771]  INFO -- : 0:  sass (3.4.13) from /Users/yannick/.rvm/rubies/ruby-2.1.0/lib/ruby/gems/2.1.0/specifications/sass-3.4.13.gemspec
I, [2015-04-03T19:51:55.923123 #21771]  INFO -- : 0:  bootstrap-sass (3.3.4.1) from /Users/yannick/.rvm/rubies/ruby-2.1.0/lib/ruby/gems/2.1.0/specifications/bootstrap-sass-3.3.4.1.gemspec
I, [2015-04-03T19:51:55.923346 #21771]  INFO -- : 0:  bundler (1.5.1) from /Users/yannick/.rvm/rubies/ruby-2.1.0/lib/ruby/gems/2.1.0/specifications/bundler-1.5.1.gemspec
I, [2015-04-03T19:51:55.923593 #21771]  INFO -- : 0:  camertron-eprun (1.1.0) from /Users/yannick/.rvm/rubies/ruby-2.1.0/lib/ruby/gems/2.1.0/specifications/camertron-eprun-1.1.0.gemspec
I, [2015-04-03T19:51:55.923838 #21771]  INFO -- : 0:  cancancan (1.10.1) from /Users/yannick/.rvm/rubies/ruby-2.1.0/lib/ruby/gems/2.1.0/specifications/cancancan-1.10.1.gemspec
I, [2015-04-03T19:51:55.924087 #21771]  INFO -- : 0:  thor (0.19.1) from /Users/yannick/.rvm/rubies/ruby-2.1.0/lib/ruby/gems/2.1.0/specifications/thor-0.19.1.gemspec
I, [2015-04-03T19:51:57.552848 #21771]  INFO -- : 0:  railties (4.2.1) from /Users/yannick/.rvm/rubies/ruby-2.1.0/lib/ruby/gems/2.1.0/specifications/railties-4.2.1.gemspec
I, [2015-04-03T19:51:57.553155 #21771]  INFO -- : 0:  hike (1.2.3) from /Users/yannick/.rvm/rubies/ruby-2.1.0/lib/ruby/gems/2.1.0/specifications/hike-1.2.3.gemspec
I, [2015-04-03T19:51:57.553376 #21771]  INFO -- : 0:  multi_json (1.11.0) from /Users/yannick/.rvm/rubies/ruby-2.1.0/lib/ruby/gems/2.1.0/specifications/multi_json-1.11.0.gemspec
I, [2015-04-03T19:51:57.553578 #21771]  INFO -- : 0:  tilt (1.4.1) from /Users/yannick/.rvm/rubies/ruby-2.1.0/lib/ruby/gems/2.1.0/specifications/tilt-1.4.1.gemspec
I, [2015-04-03T19:51:57.553785 #21771]  INFO -- : 0:  sprockets (2.12.3) from /Users/yannick/.rvm/rubies/ruby-2.1.0/lib/ruby/gems/2.1.0/specifications/sprockets-2.12.3.gemspec
I, [2015-04-03T19:51:57.553988 #21771]  INFO -- : 0:  sprockets-rails (2.2.4) from /Users/yannick/.rvm/rubies/ruby-2.1.0/lib/ruby/gems/2.1.0/specifications/sprockets-rails-2.2.4.gemspec
I, [2015-04-03T19:52:00.253114 #21771]  INFO -- : 0:  rails (4.2.1) from /Users/yannick/.rvm/rubies/ruby-2.1.0/lib/ruby/gems/2.1.0/specifications/rails-4.2.1.gemspec
I, [2015-04-03T19:52:01.706029 #21771]  INFO -- : 0:  canonical-rails (0.0.9) from /Users/yannick/.rvm/rubies/ruby-2.1.0/lib/ruby/gems/2.1.0/specifications/canonical-rails-0.0.9.gemspec
I, [2015-04-03T19:52:02.934506 #21771]  INFO -- : 0:  xpath (2.0.0) from /Users/yannick/.rvm/rubies/ruby-2.1.0/lib/ruby/gems/2.1.0/specifications/xpath-2.0.0.gemspec
I, [2015-04-03T19:52:04.637922 #21771]  INFO -- : 0:  capybara (2.4.4) from /Users/yannick/.rvm/rubies/ruby-2.1.0/lib/ruby/gems/2.1.0/specifications/capybara-2.4.4.gemspec
I, [2015-04-03T19:52:04.638298 #21771]  INFO -- : 0:  carmen (1.0.2) from /Users/yannick/.rvm/rubies/ruby-2.1.0/lib/ruby/gems/2.1.0/specifications/carmen-1.0.2.gemspec
I, [2015-04-03T19:52:12.795648 #21771]  INFO -- : 0:  ffi (1.9.8) from /Users/yannick/.rvm/rubies/ruby-2.1.0/lib/ruby/gems/2.1.0/specifications/ffi-1.9.8.gemspec
I, [2015-04-03T19:52:14.640268 #21771]  INFO -- : 0:  childprocess (0.5.5) from /Users/yannick/.rvm/rubies/ruby-2.1.0/lib/ruby/gems/2.1.0/specifications/childprocess-0.5.5.gemspec
I, [2015-04-03T19:52:14.640812 #21771]  INFO -- : 0:  cldr-plurals-runtime-rb (1.0.0) from /Users/yannick/.rvm/rubies/ruby-2.1.0/lib/ruby/gems/2.1.0/specifications/cldr-plurals-runtime-rb-1.0.0.gemspec
I, [2015-04-03T19:52:14.641061 #21771]  INFO -- : 0:  climate_control (0.0.3) from /Users/yannick/.rvm/rubies/ruby-2.1.0/lib/ruby/gems/2.1.0/specifications/climate_control-0.0.3.gemspec
I, [2015-04-03T19:52:14.641297 #21771]  INFO -- : 0:  cocaine (0.5.7) from /Users/yannick/.rvm/rubies/ruby-2.1.0/lib/ruby/gems/2.1.0/specifications/cocaine-0.5.7.gemspec
I, [2015-04-03T19:52:14.641551 #21771]  INFO -- : 0:  coffee-script-source (1.9.1) from /Users/yannick/.rvm/rubies/ruby-2.1.0/lib/ruby/gems/2.1.0/specifications/coffee-script-source-1.9.1.gemspec
I, [2015-04-03T19:52:14.641842 #21771]  INFO -- : 0:  coffee-script (2.3.0) from /Users/yannick/.rvm/rubies/ruby-2.1.0/lib/ruby/gems/2.1.0/specifications/coffee-script-2.3.0.gemspec
I, [2015-04-03T19:52:14.642076 #21771]  INFO -- : 0:  coffee-rails (4.1.0) from /Users/yannick/.rvm/rubies/ruby-2.1.0/lib/ruby/gems/2.1.0/specifications/coffee-rails-4.1.0.gemspec
I, [2015-04-03T19:52:14.642297 #21771]  INFO -- : 0:  colorize (0.7.5) from /Users/yannick/.rvm/rubies/ruby-2.1.0/lib/ruby/gems/2.1.0/specifications/colorize-0.7.5.gemspec
I, [2015-04-03T19:52:14.642535 #21771]  INFO -- : 0:  css_parser (1.3.6) from /Users/yannick/.rvm/rubies/ruby-2.1.0/lib/ruby/gems/2.1.0/specifications/css_parser-1.3.6.gemspec
I, [2015-04-03T19:52:15.977510 #21771]  INFO -- : 0:  database_cleaner (1.4.1) from /Users/yannick/.rvm/rubies/ruby-2.1.0/lib/ruby/gems/2.1.0/specifications/database_cleaner-1.4.1.gemspec
I, [2015-04-03T19:52:15.977900 #21771]  INFO -- : 0:  polyglot (0.3.5) from /Users/yannick/.rvm/rubies/ruby-2.1.0/lib/ruby/gems/2.1.0/specifications/polyglot-0.3.5.gemspec
I, [2015-04-03T19:52:15.978174 #21771]  INFO -- : 0:  deface (1.0.1) from /Users/yannick/.rvm/rubies/ruby-2.1.0/lib/ruby/gems/2.1.0/specifications/deface-1.0.1.gemspec
I, [2015-04-03T19:52:15.978443 #21771]  INFO -- : 0:  orm_adapter (0.5.0) from /Users/yannick/.rvm/rubies/ruby-2.1.0/lib/ruby/gems/2.1.0/specifications/orm_adapter-0.5.0.gemspec
I, [2015-04-03T19:52:15.978708 #21771]  INFO -- : 0:  responders (2.1.0) from /Users/yannick/.rvm/rubies/ruby-2.1.0/lib/ruby/gems/2.1.0/specifications/responders-2.1.0.gemspec
I, [2015-04-03T19:52:15.978968 #21771]  INFO -- : 0:  warden (1.2.3) from /Users/yannick/.rvm/rubies/ruby-2.1.0/lib/ruby/gems/2.1.0/specifications/warden-1.2.3.gemspec
I, [2015-04-03T19:52:15.979233 #21771]  INFO -- : 0:  devise (3.4.1) from /Users/yannick/.rvm/rubies/ruby-2.1.0/lib/ruby/gems/2.1.0/specifications/devise-3.4.1.gemspec
I, [2015-04-03T19:52:15.979495 #21771]  INFO -- : 0:  devise-encryptable (0.1.2) from /Users/yannick/.rvm/rubies/ruby-2.1.0/lib/ruby/gems/2.1.0/specifications/devise-encryptable-0.1.2.gemspec
I, [2015-04-03T19:52:17.381137 #21771]  INFO -- : 0:  diff-lcs (1.2.5) from /Users/yannick/.rvm/rubies/ruby-2.1.0/lib/ruby/gems/2.1.0/specifications/diff-lcs-1.2.5.gemspec
I, [2015-04-03T19:52:20.212647 #21771]  INFO -- : 0:  docile (1.1.5) from /Users/yannick/.rvm/rubies/ruby-2.1.0/lib/ruby/gems/2.1.0/specifications/docile-1.1.5.gemspec
I, [2015-04-03T19:52:21.708110 #21771]  INFO -- : 0:  factory_girl (4.5.0) from /Users/yannick/.rvm/rubies/ruby-2.1.0/lib/ruby/gems/2.1.0/specifications/factory_girl-4.5.0.gemspec
I, [2015-04-03T19:52:21.708552 #21771]  INFO -- : 0:  ffaker (1.32.1) from /Users/yannick/.rvm/rubies/ruby-2.1.0/lib/ruby/gems/2.1.0/specifications/ffaker-1.32.1.gemspec
I, [2015-04-03T19:52:21.708858 #21771]  INFO -- : 0:  font-awesome-rails (4.3.0.0) from /Users/yannick/.rvm/rubies/ruby-2.1.0/lib/ruby/gems/2.1.0/specifications/font-awesome-rails-4.3.0.0.gemspec
I, [2015-04-03T19:52:21.709141 #21771]  INFO -- : 0:  friendly_id (5.1.0) from /Users/yannick/.rvm/rubies/ruby-2.1.0/lib/ruby/gems/2.1.0/specifications/friendly_id-5.1.0.gemspec
I, [2015-04-03T19:52:21.709422 #21771]  INFO -- : 0:  highline (1.6.21) from /Users/yannick/.rvm/rubies/ruby-2.1.0/lib/ruby/gems/2.1.0/specifications/highline-1.6.21.gemspec
I, [2015-04-03T19:52:21.709698 #21771]  INFO -- : 0:  htmlentities (4.3.3) from /Users/yannick/.rvm/rubies/ruby-2.1.0/lib/ruby/gems/2.1.0/specifications/htmlentities-4.3.3.gemspec
I, [2015-04-03T19:52:21.709974 #21771]  INFO -- : 0:  multi_xml (0.5.5) from /Users/yannick/.rvm/rubies/ruby-2.1.0/lib/ruby/gems/2.1.0/specifications/multi_xml-0.5.5.gemspec
I, [2015-04-03T19:52:21.710244 #21771]  INFO -- : 0:  httparty (0.13.3) from /Users/yannick/.rvm/rubies/ruby-2.1.0/lib/ruby/gems/2.1.0/specifications/httparty-0.13.3.gemspec
I, [2015-04-03T19:52:21.710578 #21771]  INFO -- : 0:  jquery-rails (4.0.3) from /Users/yannick/.rvm/rubies/ruby-2.1.0/lib/ruby/gems/2.1.0/specifications/jquery-rails-4.0.3.gemspec
I, [2015-04-03T19:52:21.710841 #21771]  INFO -- : 0:  jquery-ui-rails (5.0.3) from /Users/yannick/.rvm/rubies/ruby-2.1.0/lib/ruby/gems/2.1.0/specifications/jquery-ui-rails-5.0.3.gemspec
I, [2015-04-03T19:52:21.711095 #21771]  INFO -- : 0:  kaminari (0.16.3) from /Users/yannick/.rvm/rubies/ruby-2.1.0/lib/ruby/gems/2.1.0/specifications/kaminari-0.16.3.gemspec
I, [2015-04-03T19:52:21.711342 #21771]  INFO -- : 0:  money (6.5.1) from /Users/yannick/.rvm/rubies/ruby-2.1.0/lib/ruby/gems/2.1.0/specifications/money-6.5.1.gemspec
I, [2015-04-03T19:52:22.933412 #21771]  INFO -- : 0:  monetize (1.2.0) from /Users/yannick/.rvm/rubies/ruby-2.1.0/lib/ruby/gems/2.1.0/specifications/monetize-1.2.0.gemspec
I, [2015-04-03T19:52:22.933778 #21771]  INFO -- : 0:  paperclip (4.2.1) from /Users/yannick/.rvm/rubies/ruby-2.1.0/lib/ruby/gems/2.1.0/specifications/paperclip-4.2.1.gemspec
I, [2015-04-03T19:52:22.934038 #21771]  INFO -- : 0:  paranoia (2.1.1) from /Users/yannick/.rvm/rubies/ruby-2.1.0/lib/ruby/gems/2.1.0/specifications/paranoia-2.1.1.gemspec
I, [2015-04-03T19:52:22.934291 #21771]  INFO -- : 0:  polyamorous (1.1.0) from /Users/yannick/.rvm/rubies/ruby-2.1.0/lib/ruby/gems/2.1.0/specifications/polyamorous-1.1.0.gemspec
I, [2015-04-03T19:52:22.934542 #21771]  INFO -- : 0:  premailer (1.8.4) from /Users/yannick/.rvm/rubies/ruby-2.1.0/lib/ruby/gems/2.1.0/specifications/premailer-1.8.4.gemspec
I, [2015-04-03T19:52:22.934788 #21771]  INFO -- : 0:  premailer-rails (1.8.0) from /Users/yannick/.rvm/rubies/ruby-2.1.0/lib/ruby/gems/2.1.0/specifications/premailer-rails-1.8.0.gemspec
I, [2015-04-03T19:52:22.935034 #21771]  INFO -- : 0:  rabl (0.9.4.pre1) from /Users/yannick/.rvm/rubies/ruby-2.1.0/lib/ruby/gems/2.1.0/specifications/rabl-0.9.4.pre1.gemspec
I, [2015-04-03T19:52:22.935385 #21771]  INFO -- : 0:  ransack (1.4.1) from /Users/yannick/.rvm/rubies/ruby-2.1.0/lib/ruby/gems/2.1.0/specifications/ransack-1.4.1.gemspec
I, [2015-04-03T19:52:24.286583 #21771]  INFO -- : 0:  rspec-support (3.2.2) from /Users/yannick/.rvm/rubies/ruby-2.1.0/lib/ruby/gems/2.1.0/specifications/rspec-support-3.2.2.gemspec
I, [2015-04-03T19:52:25.774207 #21771]  INFO -- : 0:  rspec-core (3.2.2) from /Users/yannick/.rvm/rubies/ruby-2.1.0/lib/ruby/gems/2.1.0/specifications/rspec-core-3.2.2.gemspec
I, [2015-04-03T19:52:27.230992 #21771]  INFO -- : 0:  rspec-expectations (3.2.0) from /Users/yannick/.rvm/rubies/ruby-2.1.0/lib/ruby/gems/2.1.0/specifications/rspec-expectations-3.2.0.gemspec
I, [2015-04-03T19:52:28.549343 #21771]  INFO -- : 0:  rspec-mocks (3.2.1) from /Users/yannick/.rvm/rubies/ruby-2.1.0/lib/ruby/gems/2.1.0/specifications/rspec-mocks-3.2.1.gemspec
I, [2015-04-03T19:52:29.914589 #21771]  INFO -- : 0:  rspec-rails (3.2.1) from /Users/yannick/.rvm/rubies/ruby-2.1.0/lib/ruby/gems/2.1.0/specifications/rspec-rails-3.2.1.gemspec
I, [2015-04-03T19:52:31.558133 #21771]  INFO -- : 0:  rubyzip (1.1.7) from /Users/yannick/.rvm/rubies/ruby-2.1.0/lib/ruby/gems/2.1.0/specifications/rubyzip-1.1.7.gemspec
I, [2015-04-03T19:52:32.939753 #21771]  INFO -- : 0:  sass-rails (5.0.3) from /Users/yannick/.rvm/rubies/ruby-2.1.0/lib/ruby/gems/2.1.0/specifications/sass-rails-5.0.3.gemspec
I, [2015-04-03T19:52:32.940124 #21771]  INFO -- : 0:  select2-rails (3.5.9.1) from /Users/yannick/.rvm/rubies/ruby-2.1.0/lib/ruby/gems/2.1.0/specifications/select2-rails-3.5.9.1.gemspec
I, [2015-04-03T19:52:35.254787 #21771]  INFO -- : 0:  websocket (1.2.1) from /Users/yannick/.rvm/rubies/ruby-2.1.0/lib/ruby/gems/2.1.0/specifications/websocket-1.2.1.gemspec
I, [2015-04-03T19:52:38.929499 #21771]  INFO -- : 0:  selenium-webdriver (2.45.0) from /Users/yannick/.rvm/rubies/ruby-2.1.0/lib/ruby/gems/2.1.0/specifications/selenium-webdriver-2.45.0.gemspec
I, [2015-04-03T19:52:40.515454 #21771]  INFO -- : 0:  simplecov-html (0.9.0) from /Users/yannick/.rvm/rubies/ruby-2.1.0/lib/ruby/gems/2.1.0/specifications/simplecov-html-0.9.0.gemspec
I, [2015-04-03T19:52:41.904340 #21771]  INFO -- : 0:  simplecov (0.9.2) from /Users/yannick/.rvm/rubies/ruby-2.1.0/lib/ruby/gems/2.1.0/specifications/simplecov-0.9.2.gemspec
I, [2015-04-03T19:52:41.904738 #21771]  INFO -- : 0:  state_machines (0.2.2) from /Users/yannick/.rvm/rubies/ruby-2.1.0/lib/ruby/gems/2.1.0/specifications/state_machines-0.2.2.gemspec
I, [2015-04-03T19:52:41.905004 #21771]  INFO -- : 0:  state_machines-activemodel (0.1.2) from /Users/yannick/.rvm/rubies/ruby-2.1.0/lib/ruby/gems/2.1.0/specifications/state_machines-activemodel-0.1.2.gemspec
I, [2015-04-03T19:52:41.905263 #21771]  INFO -- : 0:  state_machines-activerecord (0.2.0) from /Users/yannick/.rvm/rubies/ruby-2.1.0/lib/ruby/gems/2.1.0/specifications/state_machines-activerecord-0.2.0.gemspec
I, [2015-04-03T19:52:41.905520 #21771]  INFO -- : 0:  stringex (2.5.2) from /Users/yannick/.rvm/rubies/ruby-2.1.0/lib/ruby/gems/2.1.0/specifications/stringex-2.5.2.gemspec
I, [2015-04-03T19:52:41.905836 #21771]  INFO -- : 0:  truncate_html (0.9.2) from /Users/yannick/.rvm/rubies/ruby-2.1.0/lib/ruby/gems/2.1.0/specifications/truncate_html-0.9.2.gemspec
I, [2015-04-03T19:52:41.906055 #21771]  INFO -- : 0:  twitter_cldr (3.1.2) from /Users/yannick/.rvm/rubies/ruby-2.1.0/lib/ruby/gems/2.1.0/specifications/twitter_cldr-3.1.2.gemspec
I, [2015-04-03T19:52:42.502706 #21771]  INFO -- : 0:  spree_core (3.0.0) from /Users/yannick/.rvm/rubies/ruby-2.1.0/lib/ruby/gems/2.1.0/bundler/gems/spree-1a28d34da1e8/core/spree_core.gemspec
I, [2015-04-03T19:52:42.503066 #21771]  INFO -- : 0:  versioncake (2.3.1) from /Users/yannick/.rvm/rubies/ruby-2.1.0/lib/ruby/gems/2.1.0/specifications/versioncake-2.3.1.gemspec
I, [2015-04-03T19:52:42.745683 #21771]  INFO -- : 0:  spree_api (3.0.0) from /Users/yannick/.rvm/rubies/ruby-2.1.0/lib/ruby/gems/2.1.0/bundler/gems/spree-1a28d34da1e8/api/spree_api.gemspec
I, [2015-04-03T19:52:43.308739 #21771]  INFO -- : 0:  spree_backend (3.0.0) from /Users/yannick/.rvm/rubies/ruby-2.1.0/lib/ruby/gems/2.1.0/bundler/gems/spree-1a28d34da1e8/backend/spree_backend.gemspec
I, [2015-04-03T19:52:43.378405 #21771]  INFO -- : 0:  spree_cmd (3.0.0) from /Users/yannick/.rvm/rubies/ruby-2.1.0/lib/ruby/gems/2.1.0/bundler/gems/spree-1a28d34da1e8/cmd/spree_cmd.gemspec
I, [2015-04-03T19:52:43.903106 #21771]  INFO -- : 0:  spree_frontend (3.0.0) from /Users/yannick/.rvm/rubies/ruby-2.1.0/lib/ruby/gems/2.1.0/bundler/gems/spree-1a28d34da1e8/frontend/spree_frontend.gemspec
I, [2015-04-03T19:52:44.081918 #21771]  INFO -- : 0:  spree_sample (3.0.0) from /Users/yannick/.rvm/rubies/ruby-2.1.0/lib/ruby/gems/2.1.0/bundler/gems/spree-1a28d34da1e8/sample/spree_sample.gemspec
I, [2015-04-03T19:52:44.093458 #21771]  INFO -- : 0:  spree (3.0.0) from /Users/yannick/.rvm/rubies/ruby-2.1.0/lib/ruby/gems/2.1.0/bundler/gems/spree-1a28d34da1e8/spree.gemspec
I, [2015-04-03T19:52:44.213482 #21771]  INFO -- : 0:  spree_auth_devise (3.0.0) from /Users/yannick/.rvm/rubies/ruby-2.1.0/lib/ruby/gems/2.1.0/bundler/gems/spree_auth_devise-347428395b8c/spree_auth_devise.gemspec
I, [2015-04-03T19:52:44.214137 #21771]  INFO -- : 0:  spree_newsletter (3.0.0) from /Users/yannick/Projects/jeupre/spree_newsletter/spree_newsletter.gemspec
I, [2015-04-03T19:52:44.214591 #21771]  INFO -- : 0:  sqlite3 (1.3.10) from /Users/yannick/.rvm/rubies/ruby-2.1.0/lib/ruby/gems/2.1.0/specifications/sqlite3-1.3.10.gemspec
